<?xml version="1.0" encoding="UTF-8"?>
<testng-results ignored="0" total="1" passed="1" failed="0" skipped="0">
  <reporter-output>
  </reporter-output>
  <suite started-at="2022-03-22T12:44:20 IST" name="Default suite" finished-at="2022-03-22T12:44:43 IST" duration-ms="22376">
    <groups>
    </groups>
    <test started-at="2022-03-22T12:44:20 IST" name="Default test" finished-at="2022-03-22T12:44:43 IST" duration-ms="22376">
      <class name="RetrievePdf">
        <test-method signature="pdfTest()[pri:0, instance:RetrievePdf@712625fd]" started-at="2022-03-22T12:44:20 IST" name="pdfTest" finished-at="2022-03-22T12:44:43 IST" duration-ms="22167" status="PASS">
          <reporter-output>
          </reporter-output>
        </test-method> <!-- pdfTest -->
      </class> <!-- RetrievePdf -->
    </test> <!-- Default test -->
  </suite> <!-- Default suite -->
</testng-results>
